[2019-05-03 09:17:06] production.ERROR: PDOException: SQLSTATE[22001]: String data, right truncated: 1406 Data too long for column 'first_name' at row 1 in /home/runcloud/webapps/hoocay/vendor/laravel/framework/src/Illuminate/Database/Connection.php:480
Stack trace:
#0 /home/runcloud/webapps/hoocay/vendor/laravel/framework/src/Illuminate/Database/Connection.php(480): PDOStatement->execute()
#1 /home/runcloud/webapps/hoocay/vendor/laravel/framework/src/Illuminate/Database/Connection.php(763): Illuminate\Database\Connection->Illuminate\Database\{closure}(Object(Illuminate\Database\MySqlConnection), 'insert into `us...', Array)
#2 /home/runcloud/webapps/hoocay/vendor/laravel/framework/src/Illuminate/Database/Connection.php(726): Illuminate\Database\Connection->runQueryCallback('insert into `us...', Array, Object(Closure))
#3 /home/runcloud/webapps/hoocay/vendor/laravel/framework/src/Illuminate/Database/Connection.php(481): Illuminate\Database\Connection->run('insert into `us...', Array, Object(Closure))
#4 /home/runcloud/webapps/hoocay/vendor/laravel/framework/src/Illuminate/Database/Connection.php(435): Illuminate\Database\Connection->statement('insert into `us...', Array)
#5 /home/runcloud/webapps/hoocay/vendor/laravel/framework/src/Illuminate/Database/Query/Processors/Processor.php(32): Illuminate\Database\Connection->insert('insert into `us...', Array)
#6 /home/runcloud/webapps/hoocay/vendor/laravel/framework/src/Illuminate/Database/Query/Builder.php(2154): Illuminate\Database\Query\Processors\Processor->processInsertGetId(Object(Illuminate\Database\Query\Builder), 'insert into `us...', Array, 'id')
#7 /home/runcloud/webapps/hoocay/vendor/laravel/framework/src/Illuminate/Database/Eloquent/Builder.php(1470): Illuminate\Database\Query\Builder->insertGetId(Array, 'id')
#8 /home/runcloud/webapps/hoocay/bootstrap/cache/compiled.php(11001): Illuminate\Database\Eloquent\Builder->__call('insertGetId', Array)
#9 /home/runcloud/webapps/hoocay/bootstrap/cache/compiled.php(10987): Illuminate\Database\Eloquent\Model->insertAndSetId(Object(Illuminate\Database\Eloquent\Builder), Array)
#10 /home/runcloud/webapps/hoocay/bootstrap/cache/compiled.php(10941): Illuminate\Database\Eloquent\Model->performInsert(Object(Illuminate\Database\Eloquent\Builder))
#11 /home/runcloud/webapps/hoocay/bootstrap/cache/compiled.php(10599): Illuminate\Database\Eloquent\Model->save()
#12 /home/runcloud/webapps/hoocay/app/Http/Controllers/Auth/RegisterController.php(100): Illuminate\Database\Eloquent\Model::create(Array)
#13 /home/runcloud/webapps/hoocay/app/Http/Controllers/Auth/RegisterController.php(152): App\Http\Controllers\Auth\RegisterController->create(Array)
#14 [internal function]: App\Http\Controllers\Auth\RegisterController->register(Object(Illuminate\Http\Request))
#15 /home/runcloud/webapps/hoocay/bootstrap/cache/compiled.php(9584): call_user_func_array(Array, Array)
#16 /home/runcloud/webapps/hoocay/bootstrap/cache/compiled.php(9611): Illuminate\Routing\Controller->callAction('register', Array)
#17 /home/runcloud/webapps/hoocay/bootstrap/cache/compiled.php(8665): Illuminate\Routing\ControllerDispatcher->dispatch(Object(Illuminate\Routing\Route), Object(App\Http\Controllers\Auth\RegisterController), 'register')
#18 /home/runcloud/webapps/hoocay/bootstrap/cache/compiled.php(8646): Illuminate\Routing\Route->runController()
#19 /home/runcloud/webapps/hoocay/bootstrap/cache/compiled.php(8355): Illuminate\Routing\Route->run(Object(Illuminate\Http\Request))
#20 /home/runcloud/webapps/hoocay/vendor/laravel/framework/src/Illuminate/Routing/Pipeline.php(53): Illuminate\Routing\Router->Illuminate\Routing\{closure}(Object(Illuminate\Http\Request))
#21 /home/runcloud/webapps/hoocay/app/Http/Middleware/InstallMiddleware.php(22): Illuminate\Routing\Pipeline->Illuminate\Routing\{closure}(Object(Illuminate\Http\Request))
#22 /home/runcloud/webapps/hoocay/bootstrap/cache/compiled.php(10069): App\Http\Middleware\InstallMiddleware->handle(Object(Illuminate\Http\Request), Object(Closure))
#23 /home/runcloud/webapps/hoocay/vendor/laravel/framework/src/Illuminate/Routing/Pipeline.php(33): Illuminate\Pipeline\Pipeline->Illuminate\Pipeline\{closure}(Object(Illuminate\Http\Request))
#24 /home/runcloud/webapps/hoocay/bootstrap/cache/compiled.php(10177): Illuminate\Routing\Pipeline->Illuminate\Routing\{closure}(Object(Illuminate\Http\Request))
#25 /home/runcloud/webapps/hoocay/bootstrap/cache/compiled.php(10069): Illuminate\Routing\Middleware\SubstituteBindings->handle(Object(Illuminate\Http\Request), Object(Closure))
#26 /home/runcloud/webapps/hoocay/vendor/laravel/framework/src/Illuminate/Routing/Pipeline.php(33): Illuminate\Pipeline\Pipeline->Illuminate\Pipeline\{closure}(Object(Illuminate\Http\Request))
#27 /home/runcloud/webapps/hoocay/bootstrap/cache/compiled.php(10054): Illuminate\Routing\Pipeline->Illuminate\Routing\{closure}(Object(Illuminate\Http\Request))
#28 /home/runcloud/webapps/hoocay/bootstrap/cache/compiled.php(8356): Illuminate\Pipeline\Pipeline->then(Object(Closure))
#29 /home/runcloud/webapps/hoocay/bootstrap/cache/compiled.php(8347): Illuminate\Routing\Router->runRouteWithinStack(Object(Illuminate\Routing\Route), Object(Illuminate\Http\Request))
#30 /home/runcloud/webapps/hoocay/bootstrap/cache/compiled.php(8338): Illuminate\Routing\Router->dispatchToRoute(Object(Illuminate\Http\Request))
#31 /home/runcloud/webapps/hoocay/bootstrap/cache/compiled.php(2575): Illuminate\Routing\Router->dispatch(Object(Illuminate\Http\Request))
#32 /home/runcloud/webapps/hoocay/vendor/laravel/framework/src/Illuminate/Routing/Pipeline.php(53): Illuminate\Foundation\Http\Kernel->Illuminate\Foundation\Http\{closure}(Object(Illuminate\Http\Request))
#33 /home/runcloud/webapps/hoocay/bootstrap/cache/compiled.php(3312): Illuminate\Routing\Pipeline->Illuminate\Routing\{closure}(Object(Illuminate\Http\Request))
#34 /home/runcloud/webapps/hoocay/bootstrap/cache/compiled.php(10069): Illuminate\Foundation\Http\Middleware\VerifyCsrfToken->handle(Object(Illuminate\Http\Request), Object(Closure))
#35 /home/runcloud/webapps/hoocay/vendor/laravel/framework/src/Illuminate/Routing/Pipeline.php(33): Illuminate\Pipeline\Pipeline->Illuminate\Pipeline\{closure}(Object(Illuminate\Http\Request))
#36 /home/runcloud/webapps/hoocay/bootstrap/cache/compiled.php(13749): Illuminate\Routing\Pipeline->Illuminate\Routing\{closure}(Object(Illuminate\Http\Request))
#37 /home/runcloud/webapps/hoocay/bootstrap/cache/compiled.php(10069): Illuminate\View\Middleware\ShareErrorsFromSession->handle(Object(Illuminate\Http\Request), Object(Closure))
#38 /home/runcloud/webapps/hoocay/vendor/laravel/framework/src/Illuminate/Routing/Pipeline.php(33): Illuminate\Pipeline\Pipeline->Illuminate\Pipeline\{closure}(Object(Illuminate\Http\Request))
#39 /home/runcloud/webapps/hoocay/app/Http/Middleware/InstallMiddleware.php(22): Illuminate\Routing\Pipeline->Illuminate\Routing\{closure}(Object(Illuminate\Http\Request))
#40 /home/runcloud/webapps/hoocay/bootstrap/cache/compiled.php(10069): App\Http\Middleware\InstallMiddleware->handle(Object(Illuminate\Http\Request), Object(Closure))
#41 /home/runcloud/webapps/hoocay/vendor/laravel/framework/src/Illuminate/Routing/Pipeline.php(33): Illuminate\Pipeline\Pipeline->Illuminate\Pipeline\{closure}(Object(Illuminate\Http\Request))
#42 /home/runcloud/webapps/hoocay/vendor/torann/currency/src/Middleware/CurrencyMiddleware.php(37): Illuminate\Routing\Pipeline->Illuminate\Routing\{closure}(Object(Illuminate\Http\Request))
#43 /home/runcloud/webapps/hoocay/bootstrap/cache/compiled.php(10069): Torann\Currency\Middleware\CurrencyMiddleware->handle(Object(Illuminate\Http\Request), Object(Closure))
#44 /home/runcloud/webapps/hoocay/vendor/laravel/framework/src/Illuminate/Routing/Pipeline.php(33): Illuminate\Pipeline\Pipeline->Illuminate\Pipeline\{closure}(Object(Illuminate\Http\Request))
#45 /home/runcloud/webapps/hoocay/bootstrap/cache/compiled.php(12155): Illuminate\Routing\Pipeline->Illuminate\Routing\{closure}(Object(Illuminate\Http\Request))
#46 /home/runcloud/webapps/hoocay/bootstrap/cache/compiled.php(10069): Illuminate\Session\Middleware\StartSession->handle(Object(Illuminate\Http\Request), Object(Closure))
#47 /home/runcloud/webapps/hoocay/vendor/laravel/framework/src/Illuminate/Routing/Pipeline.php(33): Illuminate\Pipeline\Pipeline->Illuminate\Pipeline\{closure}(Object(Illuminate\Http\Request))
#48 /home/runcloud/webapps/hoocay/bootstrap/cache/compiled.php(13495): Illuminate\Routing\Pipeline->Illuminate\Routing\{closure}(Object(Illuminate\Http\Request))
#49 /home/runcloud/webapps/hoocay/bootstrap/cache/compiled.php(10069): Illuminate\Cookie\Middleware\AddQueuedCookiesToResponse->handle(Object(Illuminate\Http\Request), Object(Closure))
#50 /home/runcloud/webapps/hoocay/vendor/laravel/framework/src/Illuminate/Routing/Pipeline.php(33): Illuminate\Pipeline\Pipeline->Illuminate\Pipeline\{closure}(Object(Illuminate\Http\Request))
#51 /home/runcloud/webapps/hoocay/bootstrap/cache/compiled.php(13432): Illuminate\Routing\Pipeline->Illuminate\Routing\{closure}(Object(Illuminate\Http\Request))
#52 /home/runcloud/webapps/hoocay/bootstrap/cache/compiled.php(10069): Illuminate\Cookie\Middleware\EncryptCookies->handle(Object(Illuminate\Http\Request), Object(Closure))
#53 /home/runcloud/webapps/hoocay/vendor/laravel/framework/src/Illuminate/Routing/Pipeline.php(33): Illuminate\Pipeline\Pipeline->Illuminate\Pipeline\{closure}(Object(Illuminate\Http\Request))
#54 /home/runcloud/webapps/hoocay/bootstrap/cache/compiled.php(3374): Illuminate\Routing\Pipeline->Illuminate\Routing\{closure}(Object(Illuminate\Http\Request))
#55 /home/runcloud/webapps/hoocay/bootstrap/cache/compiled.php(10069): Illuminate\Foundation\Http\Middleware\CheckForMaintenanceMode->handle(Object(Illuminate\Http\Request), Object(Closure))
#56 /home/runcloud/webapps/hoocay/vendor/laravel/framework/src/Illuminate/Routing/Pipeline.php(33): Illuminate\Pipeline\Pipeline->Illuminate\Pipeline\{closure}(Object(Illuminate\Http\Request))
#57 /home/runcloud/webapps/hoocay/bootstrap/cache/compiled.php(10054): Illuminate\Routing\Pipeline->Illuminate\Routing\{closure}(Object(Illuminate\Http\Request))
#58 /home/runcloud/webapps/hoocay/bootstrap/cache/compiled.php(2519): Illuminate\Pipeline\Pipeline->then(Object(Closure))
#59 /home/runcloud/webapps/hoocay/bootstrap/cache/compiled.php(2503): Illuminate\Foundation\Http\Kernel->sendRequestThroughRouter(Object(Illuminate\Http\Request))
#60 /home/runcloud/webapps/hoocay/public/index.php(53): Illuminate\Foundation\Http\Kernel->handle(Object(Illuminate\Http\Request))
#61 {main}

Next Illuminate\Database\QueryException: SQLSTATE[22001]: String data, right truncated: 1406 Data too long for column 'first_name' at row 1 (SQL: insert into `user_infos` (`first_name`, `last_name`, `phone`, `user_id`) values (zzusalme2nrmcjcGP, zvusafmewniqxhiGP, 88549315789, 474)) in /home/runcloud/webapps/hoocay/vendor/laravel/framework/src/Illuminate/Database/Connection.php:770
Stack trace:
#0 /home/runcloud/webapps/hoocay/vendor/laravel/framework/src/Illuminate/Database/Connection.php(726): Illuminate\Database\Connection->runQueryCallback('insert into `us...', Array, Object(Closure))
#1 /home/runcloud/webapps/hoocay/vendor/laravel/framework/src/Illuminate/Database/Connection.php(481): Illuminate\Database\Connection->run('insert into `us...', Array, Object(Closure))
#2 /home/runcloud/webapps/hoocay/vendor/laravel/framework/src/Illuminate/Database/Connection.php(435): Illuminate\Database\Connection->statement('insert into `us...', Array)
#3 /home/runcloud/webapps/hoocay/vendor/laravel/framework/src/Illuminate/Database/Query/Processors/Processor.php(32): Illuminate\Database\Connection->insert('insert into `us...', Array)
#4 /home/runcloud/webapps/hoocay/vendor/laravel/framework/src/Illuminate/Database/Query/Builder.php(2154): Illuminate\Database\Query\Processors\Processor->processInsertGetId(Object(Illuminate\Database\Query\Builder), 'insert into `us...', Array, 'id')
#5 /home/runcloud/webapps/hoocay/vendor/laravel/framework/src/Illuminate/Database/Eloquent/Builder.php(1470): Illuminate\Database\Query\Builder->insertGetId(Array, 'id')
#6 /home/runcloud/webapps/hoocay/bootstrap/cache/compiled.php(11001): Illuminate\Database\Eloquent\Builder->__call('insertGetId', Array)
#7 /home/runcloud/webapps/hoocay/bootstrap/cache/compiled.php(10987): Illuminate\Database\Eloquent\Model->insertAndSetId(Object(Illuminate\Database\Eloquent\Builder), Array)
#8 /home/runcloud/webapps/hoocay/bootstrap/cache/compiled.php(10941): Illuminate\Database\Eloquent\Model->performInsert(Object(Illuminate\Database\Eloquent\Builder))
#9 /home/runcloud/webapps/hoocay/bootstrap/cache/compiled.php(10599): Illuminate\Database\Eloquent\Model->save()
#10 /home/runcloud/webapps/hoocay/app/Http/Controllers/Auth/RegisterController.php(100): Illuminate\Database\Eloquent\Model::create(Array)
#11 /home/runcloud/webapps/hoocay/app/Http/Controllers/Auth/RegisterController.php(152): App\Http\Controllers\Auth\RegisterController->create(Array)
#12 [internal function]: App\Http\Controllers\Auth\RegisterController->register(Object(Illuminate\Http\Request))
#13 /home/runcloud/webapps/hoocay/bootstrap/cache/compiled.php(9584): call_user_func_array(Array, Array)
#14 /home/runcloud/webapps/hoocay/bootstrap/cache/compiled.php(9611): Illuminate\Routing\Controller->callAction('register', Array)
#15 /home/runcloud/webapps/hoocay/bootstrap/cache/compiled.php(8665): Illuminate\Routing\ControllerDispatcher->dispatch(Object(Illuminate\Routing\Route), Object(App\Http\Controllers\Auth\RegisterController), 'register')
#16 /home/runcloud/webapps/hoocay/bootstrap/cache/compiled.php(8646): Illuminate\Routing\Route->runController()
#17 /home/runcloud/webapps/hoocay/bootstrap/cache/compiled.php(8355): Illuminate\Routing\Route->run(Object(Illuminate\Http\Request))
#18 /home/runcloud/webapps/hoocay/vendor/laravel/framework/src/Illuminate/Routing/Pipeline.php(53): Illuminate\Routing\Router->Illuminate\Routing\{closure}(Object(Illuminate\Http\Request))
#19 /home/runcloud/webapps/hoocay/app/Http/Middleware/InstallMiddleware.php(22): Illuminate\Routing\Pipeline->Illuminate\Routing\{closure}(Object(Illuminate\Http\Request))
#20 /home/runcloud/webapps/hoocay/bootstrap/cache/compiled.php(10069): App\Http\Middleware\InstallMiddleware->handle(Object(Illuminate\Http\Request), Object(Closure))
#21 /home/runcloud/webapps/hoocay/vendor/laravel/framework/src/Illuminate/Routing/Pipeline.php(33): Illuminate\Pipeline\Pipeline->Illuminate\Pipeline\{closure}(Object(Illuminate\Http\Request))
#22 /home/runcloud/webapps/hoocay/bootstrap/cache/compiled.php(10177): Illuminate\Routing\Pipeline->Illuminate\Routing\{closure}(Object(Illuminate\Http\Request))
#23 /home/runcloud/webapps/hoocay/bootstrap/cache/compiled.php(10069): Illuminate\Routing\Middleware\SubstituteBindings->handle(Object(Illuminate\Http\Request), Object(Closure))
#24 /home/runcloud/webapps/hoocay/vendor/laravel/framework/src/Illuminate/Routing/Pipeline.php(33): Illuminate\Pipeline\Pipeline->Illuminate\Pipeline\{closure}(Object(Illuminate\Http\Request))
#25 /home/runcloud/webapps/hoocay/bootstrap/cache/compiled.php(10054): Illuminate\Routing\Pipeline->Illuminate\Routing\{closure}(Object(Illuminate\Http\Request))
#26 /home/runcloud/webapps/hoocay/bootstrap/cache/compiled.php(8356): Illuminate\Pipeline\Pipeline->then(Object(Closure))
#27 /home/runcloud/webapps/hoocay/bootstrap/cache/compiled.php(8347): Illuminate\Routing\Router->runRouteWithinStack(Object(Illuminate\Routing\Route), Object(Illuminate\Http\Request))
#28 /home/runcloud/webapps/hoocay/bootstrap/cache/compiled.php(8338): Illuminate\Routing\Router->dispatchToRoute(Object(Illuminate\Http\Request))
#29 /home/runcloud/webapps/hoocay/bootstrap/cache/compiled.php(2575): Illuminate\Routing\Router->dispatch(Object(Illuminate\Http\Request))
#30 /home/runcloud/webapps/hoocay/vendor/laravel/framework/src/Illuminate/Routing/Pipeline.php(53): Illuminate\Foundation\Http\Kernel->Illuminate\Foundation\Http\{closure}(Object(Illuminate\Http\Request))
#31 /home/runcloud/webapps/hoocay/bootstrap/cache/compiled.php(3312): Illuminate\Routing\Pipeline->Illuminate\Routing\{closure}(Object(Illuminate\Http\Request))
#32 /home/runcloud/webapps/hoocay/bootstrap/cache/compiled.php(10069): Illuminate\Foundation\Http\Middleware\VerifyCsrfToken->handle(Object(Illuminate\Http\Request), Object(Closure))
#33 /home/runcloud/webapps/hoocay/vendor/laravel/framework/src/Illuminate/Routing/Pipeline.php(33): Illuminate\Pipeline\Pipeline->Illuminate\Pipeline\{closure}(Object(Illuminate\Http\Request))
#34 /home/runcloud/webapps/hoocay/bootstrap/cache/compiled.php(13749): Illuminate\Routing\Pipeline->Illuminate\Routing\{closure}(Object(Illuminate\Http\Request))
#35 /home/runcloud/webapps/hoocay/bootstrap/cache/compiled.php(10069): Illuminate\View\Middleware\ShareErrorsFromSession->handle(Object(Illuminate\Http\Request), Object(Closure))
#36 /home/runcloud/webapps/hoocay/vendor/laravel/framework/src/Illuminate/Routing/Pipeline.php(33): Illuminate\Pipeline\Pipeline->Illuminate\Pipeline\{closure}(Object(Illuminate\Http\Request))
#37 /home/runcloud/webapps/hoocay/app/Http/Middleware/InstallMiddleware.php(22): Illuminate\Routing\Pipeline->Illuminate\Routing\{closure}(Object(Illuminate\Http\Request))
#38 /home/runcloud/webapps/hoocay/bootstrap/cache/compiled.php(10069): App\Http\Middleware\InstallMiddleware->handle(Object(Illuminate\Http\Request), Object(Closure))
#39 /home/runcloud/webapps/hoocay/vendor/laravel/framework/src/Illuminate/Routing/Pipeline.php(33): Illuminate\Pipeline\Pipeline->Illuminate\Pipeline\{closure}(Object(Illuminate\Http\Request))
#40 /home/runcloud/webapps/hoocay/vendor/torann/currency/src/Middleware/CurrencyMiddleware.php(37): Illuminate\Routing\Pipeline->Illuminate\Routing\{closure}(Object(Illuminate\Http\Request))
#41 /home/runcloud/webapps/hoocay/bootstrap/cache/compiled.php(10069): Torann\Currency\Middleware\CurrencyMiddleware->handle(Object(Illuminate\Http\Request), Object(Closure))
#42 /home/runcloud/webapps/hoocay/vendor/laravel/framework/src/Illuminate/Routing/Pipeline.php(33): Illuminate\Pipeline\Pipeline->Illuminate\Pipeline\{closure}(Object(Illuminate\Http\Request))
#43 /home/runcloud/webapps/hoocay/bootstrap/cache/compiled.php(12155): Illuminate\Routing\Pipeline->Illuminate\Routing\{closure}(Object(Illuminate\Http\Request))
#44 /home/runcloud/webapps/hoocay/bootstrap/cache/compiled.php(10069): Illuminate\Session\Middleware\StartSession->handle(Object(Illuminate\Http\Request), Object(Closure))
#45 /home/runcloud/webapps/hoocay/vendor/laravel/framework/src/Illuminate/Routing/Pipeline.php(33): Illuminate\Pipeline\Pipeline->Illuminate\Pipeline\{closure}(Object(Illuminate\Http\Request))
#46 /home/runcloud/webapps/hoocay/bootstrap/cache/compiled.php(13495): Illuminate\Routing\Pipeline->Illuminate\Routing\{closure}(Object(Illuminate\Http\Request))
#47 /home/runcloud/webapps/hoocay/bootstrap/cache/compiled.php(10069): Illuminate\Cookie\Middleware\AddQueuedCookiesToResponse->handle(Object(Illuminate\Http\Request), Object(Closure))
#48 /home/runcloud/webapps/hoocay/vendor/laravel/framework/src/Illuminate/Routing/Pipeline.php(33): Illuminate\Pipeline\Pipeline->Illuminate\Pipeline\{closure}(Object(Illuminate\Http\Request))
#49 /home/runcloud/webapps/hoocay/bootstrap/cache/compiled.php(13432): Illuminate\Routing\Pipeline->Illuminate\Routing\{closure}(Object(Illuminate\Http\Request))
#50 /home/runcloud/webapps/hoocay/bootstrap/cache/compiled.php(10069): Illuminate\Cookie\Middleware\EncryptCookies->handle(Object(Illuminate\Http\Request), Object(Closure))
#51 /home/runcloud/webapps/hoocay/vendor/laravel/framework/src/Illuminate/Routing/Pipeline.php(33): Illuminate\Pipeline\Pipeline->Illuminate\Pipeline\{closure}(Object(Illuminate\Http\Request))
#52 /home/runcloud/webapps/hoocay/bootstrap/cache/compiled.php(3374): Illuminate\Routing\Pipeline->Illuminate\Routing\{closure}(Object(Illuminate\Http\Request))
#53 /home/runcloud/webapps/hoocay/bootstrap/cache/compiled.php(10069): Illuminate\Foundation\Http\Middleware\CheckForMaintenanceMode->handle(Object(Illuminate\Http\Request), Object(Closure))
#54 /home/runcloud/webapps/hoocay/vendor/laravel/framework/src/Illuminate/Routing/Pipeline.php(33): Illuminate\Pipeline\Pipeline->Illuminate\Pipeline\{closure}(Object(Illuminate\Http\Request))
#55 /home/runcloud/webapps/hoocay/bootstrap/cache/compiled.php(10054): Illuminate\Routing\Pipeline->Illuminate\Routing\{closure}(Object(Illuminate\Http\Request))
#56 /home/runcloud/webapps/hoocay/bootstrap/cache/compiled.php(2519): Illuminate\Pipeline\Pipeline->then(Object(Closure))
#57 /home/runcloud/webapps/hoocay/bootstrap/cache/compiled.php(2503): Illuminate\Foundation\Http\Kernel->sendRequestThroughRouter(Object(Illuminate\Http\Request))
#58 /home/runcloud/webapps/hoocay/public/index.php(53): Illuminate\Foundation\Http\Kernel->handle(Object(Illuminate\Http\Request))
#59 {main}  
[2019-05-03 16:47:26] production.ERROR: ErrorException: Trying to get property of non-object in /home/runcloud/webapps/hoocay/app/Http/Controllers/CategoryController.php:33
Stack trace:
#0 /home/runcloud/webapps/hoocay/app/Http/Controllers/CategoryController.php(33): Illuminate\Foundation\Bootstrap\HandleExceptions->handleError(8, 'Trying to get p...', '/home/runcloud/...', 33, Array)
#1 [internal function]: App\Http\Controllers\CategoryController->index('blog')
#2 /home/runcloud/webapps/hoocay/bootstrap/cache/compiled.php(9584): call_user_func_array(Array, Array)
#3 /home/runcloud/webapps/hoocay/bootstrap/cache/compiled.php(9611): Illuminate\Routing\Controller->callAction('index', Array)
#4 /home/runcloud/webapps/hoocay/bootstrap/cache/compiled.php(8665): Illuminate\Routing\ControllerDispatcher->dispatch(Object(Illuminate\Routing\Route), Object(App\Http\Controllers\CategoryController), 'index')
#5 /home/runcloud/webapps/hoocay/bootstrap/cache/compiled.php(8646): Illuminate\Routing\Route->runController()
#6 /home/runcloud/webapps/hoocay/bootstrap/cache/compiled.php(8355): Illuminate\Routing\Route->run(Object(Illuminate\Http\Request))
#7 /home/runcloud/webapps/hoocay/vendor/laravel/framework/src/Illuminate/Routing/Pipeline.php(53): Illuminate\Routing\Router->Illuminate\Routing\{closure}(Object(Illuminate\Http\Request))
#8 /home/runcloud/webapps/hoocay/app/Http/Middleware/InstallMiddleware.php(22): Illuminate\Routing\Pipeline->Illuminate\Routing\{closure}(Object(Illuminate\Http\Request))
#9 /home/runcloud/webapps/hoocay/bootstrap/cache/compiled.php(10069): App\Http\Middleware\InstallMiddleware->handle(Object(Illuminate\Http\Request), Object(Closure))
#10 /home/runcloud/webapps/hoocay/vendor/laravel/framework/src/Illuminate/Routing/Pipeline.php(33): Illuminate\Pipeline\Pipeline->Illuminate\Pipeline\{closure}(Object(Illuminate\Http\Request))
#11 /home/runcloud/webapps/hoocay/bootstrap/cache/compiled.php(10177): Illuminate\Routing\Pipeline->Illuminate\Routing\{closure}(Object(Illuminate\Http\Request))
#12 /home/runcloud/webapps/hoocay/bootstrap/cache/compiled.php(10069): Illuminate\Routing\Middleware\SubstituteBindings->handle(Object(Illuminate\Http\Request), Object(Closure))
#13 /home/runcloud/webapps/hoocay/vendor/laravel/framework/src/Illuminate/Routing/Pipeline.php(33): Illuminate\Pipeline\Pipeline->Illuminate\Pipeline\{closure}(Object(Illuminate\Http\Request))
#14 /home/runcloud/webapps/hoocay/bootstrap/cache/compiled.php(10054): Illuminate\Routing\Pipeline->Illuminate\Routing\{closure}(Object(Illuminate\Http\Request))
#15 /home/runcloud/webapps/hoocay/bootstrap/cache/compiled.php(8356): Illuminate\Pipeline\Pipeline->then(Object(Closure))
#16 /home/runcloud/webapps/hoocay/bootstrap/cache/compiled.php(8347): Illuminate\Routing\Router->runRouteWithinStack(Object(Illuminate\Routing\Route), Object(Illuminate\Http\Request))
#17 /home/runcloud/webapps/hoocay/bootstrap/cache/compiled.php(8338): Illuminate\Routing\Router->dispatchToRoute(Object(Illuminate\Http\Request))
#18 /home/runcloud/webapps/hoocay/bootstrap/cache/compiled.php(2575): Illuminate\Routing\Router->dispatch(Object(Illuminate\Http\Request))
#19 /home/runcloud/webapps/hoocay/vendor/laravel/framework/src/Illuminate/Routing/Pipeline.php(53): Illuminate\Foundation\Http\Kernel->Illuminate\Foundation\Http\{closure}(Object(Illuminate\Http\Request))
#20 /home/runcloud/webapps/hoocay/bootstrap/cache/compiled.php(3312): Illuminate\Routing\Pipeline->Illuminate\Routing\{closure}(Object(Illuminate\Http\Request))
#21 /home/runcloud/webapps/hoocay/bootstrap/cache/compiled.php(10069): Illuminate\Foundation\Http\Middleware\VerifyCsrfToken->handle(Object(Illuminate\Http\Request), Object(Closure))
#22 /home/runcloud/webapps/hoocay/vendor/laravel/framework/src/Illuminate/Routing/Pipeline.php(33): Illuminate\Pipeline\Pipeline->Illuminate\Pipeline\{closure}(Object(Illuminate\Http\Request))
#23 /home/runcloud/webapps/hoocay/bootstrap/cache/compiled.php(13749): Illuminate\Routing\Pipeline->Illuminate\Routing\{closure}(Object(Illuminate\Http\Request))
#24 /home/runcloud/webapps/hoocay/bootstrap/cache/compiled.php(10069): Illuminate\View\Middleware\ShareErrorsFromSession->handle(Object(Illuminate\Http\Request), Object(Closure))
#25 /home/runcloud/webapps/hoocay/vendor/laravel/framework/src/Illuminate/Routing/Pipeline.php(33): Illuminate\Pipeline\Pipeline->Illuminate\Pipeline\{closure}(Object(Illuminate\Http\Request))
#26 /home/runcloud/webapps/hoocay/app/Http/Middleware/InstallMiddleware.php(22): Illuminate\Routing\Pipeline->Illuminate\Routing\{closure}(Object(Illuminate\Http\Request))
#27 /home/runcloud/webapps/hoocay/bootstrap/cache/compiled.php(10069): App\Http\Middleware\InstallMiddleware->handle(Object(Illuminate\Http\Request), Object(Closure))
#28 /home/runcloud/webapps/hoocay/vendor/laravel/framework/src/Illuminate/Routing/Pipeline.php(33): Illuminate\Pipeline\Pipeline->Illuminate\Pipeline\{closure}(Object(Illuminate\Http\Request))
#29 /home/runcloud/webapps/hoocay/vendor/torann/currency/src/Middleware/CurrencyMiddleware.php(37): Illuminate\Routing\Pipeline->Illuminate\Routing\{closure}(Object(Illuminate\Http\Request))
#30 /home/runcloud/webapps/hoocay/bootstrap/cache/compiled.php(10069): Torann\Currency\Middleware\CurrencyMiddleware->handle(Object(Illuminate\Http\Request), Object(Closure))
#31 /home/runcloud/webapps/hoocay/vendor/laravel/framework/src/Illuminate/Routing/Pipeline.php(33): Illuminate\Pipeline\Pipeline->Illuminate\Pipeline\{closure}(Object(Illuminate\Http\Request))
#32 /home/runcloud/webapps/hoocay/bootstrap/cache/compiled.php(12155): Illuminate\Routing\Pipeline->Illuminate\Routing\{closure}(Object(Illuminate\Http\Request))
#33 /home/runcloud/webapps/hoocay/bootstrap/cache/compiled.php(10069): Illuminate\Session\Middleware\StartSession->handle(Object(Illuminate\Http\Request), Object(Closure))
#34 /home/runcloud/webapps/hoocay/vendor/laravel/framework/src/Illuminate/Routing/Pipeline.php(33): Illuminate\Pipeline\Pipeline->Illuminate\Pipeline\{closure}(Object(Illuminate\Http\Request))
#35 /home/runcloud/webapps/hoocay/bootstrap/cache/compiled.php(13495): Illuminate\Routing\Pipeline->Illuminate\Routing\{closure}(Object(Illuminate\Http\Request))
#36 /home/runcloud/webapps/hoocay/bootstrap/cache/compiled.php(10069): Illuminate\Cookie\Middleware\AddQueuedCookiesToResponse->handle(Object(Illuminate\Http\Request), Object(Closure))
#37 /home/runcloud/webapps/hoocay/vendor/laravel/framework/src/Illuminate/Routing/Pipeline.php(33): Illuminate\Pipeline\Pipeline->Illuminate\Pipeline\{closure}(Object(Illuminate\Http\Request))
#38 /home/runcloud/webapps/hoocay/bootstrap/cache/compiled.php(13432): Illuminate\Routing\Pipeline->Illuminate\Routing\{closure}(Object(Illuminate\Http\Request))
#39 /home/runcloud/webapps/hoocay/bootstrap/cache/compiled.php(10069): Illuminate\Cookie\Middleware\EncryptCookies->handle(Object(Illuminate\Http\Request), Object(Closure))
#40 /home/runcloud/webapps/hoocay/vendor/laravel/framework/src/Illuminate/Routing/Pipeline.php(33): Illuminate\Pipeline\Pipeline->Illuminate\Pipeline\{closure}(Object(Illuminate\Http\Request))
#41 /home/runcloud/webapps/hoocay/bootstrap/cache/compiled.php(3374): Illuminate\Routing\Pipeline->Illuminate\Routing\{closure}(Object(Illuminate\Http\Request))
#42 /home/runcloud/webapps/hoocay/bootstrap/cache/compiled.php(10069): Illuminate\Foundation\Http\Middleware\CheckForMaintenanceMode->handle(Object(Illuminate\Http\Request), Object(Closure))
#43 /home/runcloud/webapps/hoocay/vendor/laravel/framework/src/Illuminate/Routing/Pipeline.php(33): Illuminate\Pipeline\Pipeline->Illuminate\Pipeline\{closure}(Object(Illuminate\Http\Request))
#44 /home/runcloud/webapps/hoocay/bootstrap/cache/compiled.php(10054): Illuminate\Routing\Pipeline->Illuminate\Routing\{closure}(Object(Illuminate\Http\Request))
#45 /home/runcloud/webapps/hoocay/bootstrap/cache/compiled.php(2519): Illuminate\Pipeline\Pipeline->then(Object(Closure))
#46 /home/runcloud/webapps/hoocay/bootstrap/cache/compiled.php(2503): Illuminate\Foundation\Http\Kernel->sendRequestThroughRouter(Object(Illuminate\Http\Request))
#47 /home/runcloud/webapps/hoocay/public/index.php(53): Illuminate\Foundation\Http\Kernel->handle(Object(Illuminate\Http\Request))
#48 {main}  
