[2019-05-05 10:56:54] production.ERROR: ErrorException: A non-numeric value encountered in /home/runcloud/webapps/hoocay/vendor/torann/currency/src/Currency.php:90
Stack trace:
#0 /home/runcloud/webapps/hoocay/vendor/torann/currency/src/Currency.php(90): Illuminate\Foundation\Bootstrap\HandleExceptions->handleError(2, 'A non-numeric v...', '/home/runcloud/...', 90, Array)
#1 /home/runcloud/webapps/hoocay/vendor/torann/currency/src/helpers.php(20): Torann\Currency\Currency->convert('', 'MYR', 'MYR', false)
#2 /home/runcloud/webapps/hoocay/storage/framework/views/22b94a1bf5e50107fc5e47ec3fdb6364ce1d1b48.php(87): currency('', 'MYR', 'MYR', false)
#3 /home/runcloud/webapps/hoocay/bootstrap/cache/compiled.php(15648): include('/home/runcloud/...')
#4 /home/runcloud/webapps/hoocay/bootstrap/cache/compiled.php(15685): Illuminate\View\Engines\PhpEngine->evaluatePath('/home/runcloud/...', Array)
#5 /home/runcloud/webapps/hoocay/bootstrap/cache/compiled.php(15517): Illuminate\View\Engines\CompilerEngine->get('/home/runcloud/...', Array)
#6 /home/runcloud/webapps/hoocay/bootstrap/cache/compiled.php(15505): Illuminate\View\View->getContents()
#7 /home/runcloud/webapps/hoocay/bootstrap/cache/compiled.php(15489): Illuminate\View\View->renderContents()
#8 /home/runcloud/webapps/hoocay/bootstrap/cache/compiled.php(16762): Illuminate\View\View->render()
#9 /home/runcloud/webapps/hoocay/bootstrap/cache/compiled.php(16249): Illuminate\Http\Response->setContent(Object(Illuminate\View\View))
#10 /home/runcloud/webapps/hoocay/bootstrap/cache/compiled.php(8509): Symfony\Component\HttpFoundation\Response->__construct(Object(Illuminate\View\View))
#11 /home/runcloud/webapps/hoocay/bootstrap/cache/compiled.php(8355): Illuminate\Routing\Router->prepareResponse(Object(Illuminate\Http\Request), Object(Illuminate\View\View))
#12 /home/runcloud/webapps/hoocay/vendor/laravel/framework/src/Illuminate/Routing/Pipeline.php(53): Illuminate\Routing\Router->Illuminate\Routing\{closure}(Object(Illuminate\Http\Request))
#13 /home/runcloud/webapps/hoocay/app/Http/Middleware/InstallMiddleware.php(22): Illuminate\Routing\Pipeline->Illuminate\Routing\{closure}(Object(Illuminate\Http\Request))
#14 /home/runcloud/webapps/hoocay/bootstrap/cache/compiled.php(10069): App\Http\Middleware\InstallMiddleware->handle(Object(Illuminate\Http\Request), Object(Closure))
#15 /home/runcloud/webapps/hoocay/vendor/laravel/framework/src/Illuminate/Routing/Pipeline.php(33): Illuminate\Pipeline\Pipeline->Illuminate\Pipeline\{closure}(Object(Illuminate\Http\Request))
#16 /home/runcloud/webapps/hoocay/bootstrap/cache/compiled.php(10177): Illuminate\Routing\Pipeline->Illuminate\Routing\{closure}(Object(Illuminate\Http\Request))
#17 /home/runcloud/webapps/hoocay/bootstrap/cache/compiled.php(10069): Illuminate\Routing\Middleware\SubstituteBindings->handle(Object(Illuminate\Http\Request), Object(Closure))
#18 /home/runcloud/webapps/hoocay/vendor/laravel/framework/src/Illuminate/Routing/Pipeline.php(33): Illuminate\Pipeline\Pipeline->Illuminate\Pipeline\{closure}(Object(Illuminate\Http\Request))
#19 /home/runcloud/webapps/hoocay/bootstrap/cache/compiled.php(10054): Illuminate\Routing\Pipeline->Illuminate\Routing\{closure}(Object(Illuminate\Http\Request))
#20 /home/runcloud/webapps/hoocay/bootstrap/cache/compiled.php(8356): Illuminate\Pipeline\Pipeline->then(Object(Closure))
#21 /home/runcloud/webapps/hoocay/bootstrap/cache/compiled.php(8347): Illuminate\Routing\Router->runRouteWithinStack(Object(Illuminate\Routing\Route), Object(Illuminate\Http\Request))
#22 /home/runcloud/webapps/hoocay/bootstrap/cache/compiled.php(8338): Illuminate\Routing\Router->dispatchToRoute(Object(Illuminate\Http\Request))
#23 /home/runcloud/webapps/hoocay/bootstrap/cache/compiled.php(2575): Illuminate\Routing\Router->dispatch(Object(Illuminate\Http\Request))
#24 /home/runcloud/webapps/hoocay/vendor/laravel/framework/src/Illuminate/Routing/Pipeline.php(53): Illuminate\Foundation\Http\Kernel->Illuminate\Foundation\Http\{closure}(Object(Illuminate\Http\Request))
#25 /home/runcloud/webapps/hoocay/bootstrap/cache/compiled.php(3312): Illuminate\Routing\Pipeline->Illuminate\Routing\{closure}(Object(Illuminate\Http\Request))
#26 /home/runcloud/webapps/hoocay/bootstrap/cache/compiled.php(10069): Illuminate\Foundation\Http\Middleware\VerifyCsrfToken->handle(Object(Illuminate\Http\Request), Object(Closure))
#27 /home/runcloud/webapps/hoocay/vendor/laravel/framework/src/Illuminate/Routing/Pipeline.php(33): Illuminate\Pipeline\Pipeline->Illuminate\Pipeline\{closure}(Object(Illuminate\Http\Request))
#28 /home/runcloud/webapps/hoocay/bootstrap/cache/compiled.php(13749): Illuminate\Routing\Pipeline->Illuminate\Routing\{closure}(Object(Illuminate\Http\Request))
#29 /home/runcloud/webapps/hoocay/bootstrap/cache/compiled.php(10069): Illuminate\View\Middleware\ShareErrorsFromSession->handle(Object(Illuminate\Http\Request), Object(Closure))
#30 /home/runcloud/webapps/hoocay/vendor/laravel/framework/src/Illuminate/Routing/Pipeline.php(33): Illuminate\Pipeline\Pipeline->Illuminate\Pipeline\{closure}(Object(Illuminate\Http\Request))
#31 /home/runcloud/webapps/hoocay/app/Http/Middleware/InstallMiddleware.php(22): Illuminate\Routing\Pipeline->Illuminate\Routing\{closure}(Object(Illuminate\Http\Request))
#32 /home/runcloud/webapps/hoocay/bootstrap/cache/compiled.php(10069): App\Http\Middleware\InstallMiddleware->handle(Object(Illuminate\Http\Request), Object(Closure))
#33 /home/runcloud/webapps/hoocay/vendor/laravel/framework/src/Illuminate/Routing/Pipeline.php(33): Illuminate\Pipeline\Pipeline->Illuminate\Pipeline\{closure}(Object(Illuminate\Http\Request))
#34 /home/runcloud/webapps/hoocay/vendor/torann/currency/src/Middleware/CurrencyMiddleware.php(37): Illuminate\Routing\Pipeline->Illuminate\Routing\{closure}(Object(Illuminate\Http\Request))
#35 /home/runcloud/webapps/hoocay/bootstrap/cache/compiled.php(10069): Torann\Currency\Middleware\CurrencyMiddleware->handle(Object(Illuminate\Http\Request), Object(Closure))
#36 /home/runcloud/webapps/hoocay/vendor/laravel/framework/src/Illuminate/Routing/Pipeline.php(33): Illuminate\Pipeline\Pipeline->Illuminate\Pipeline\{closure}(Object(Illuminate\Http\Request))
#37 /home/runcloud/webapps/hoocay/bootstrap/cache/compiled.php(12155): Illuminate\Routing\Pipeline->Illuminate\Routing\{closure}(Object(Illuminate\Http\Request))
#38 /home/runcloud/webapps/hoocay/bootstrap/cache/compiled.php(10069): Illuminate\Session\Middleware\StartSession->handle(Object(Illuminate\Http\Request), Object(Closure))
#39 /home/runcloud/webapps/hoocay/vendor/laravel/framework/src/Illuminate/Routing/Pipeline.php(33): Illuminate\Pipeline\Pipeline->Illuminate\Pipeline\{closure}(Object(Illuminate\Http\Request))
#40 /home/runcloud/webapps/hoocay/bootstrap/cache/compiled.php(13495): Illuminate\Routing\Pipeline->Illuminate\Routing\{closure}(Object(Illuminate\Http\Request))
#41 /home/runcloud/webapps/hoocay/bootstrap/cache/compiled.php(10069): Illuminate\Cookie\Middleware\AddQueuedCookiesToResponse->handle(Object(Illuminate\Http\Request), Object(Closure))
#42 /home/runcloud/webapps/hoocay/vendor/laravel/framework/src/Illuminate/Routing/Pipeline.php(33): Illuminate\Pipeline\Pipeline->Illuminate\Pipeline\{closure}(Object(Illuminate\Http\Request))
#43 /home/runcloud/webapps/hoocay/bootstrap/cache/compiled.php(13432): Illuminate\Routing\Pipeline->Illuminate\Routing\{closure}(Object(Illuminate\Http\Request))
#44 /home/runcloud/webapps/hoocay/bootstrap/cache/compiled.php(10069): Illuminate\Cookie\Middleware\EncryptCookies->handle(Object(Illuminate\Http\Request), Object(Closure))
#45 /home/runcloud/webapps/hoocay/vendor/laravel/framework/src/Illuminate/Routing/Pipeline.php(33): Illuminate\Pipeline\Pipeline->Illuminate\Pipeline\{closure}(Object(Illuminate\Http\Request))
#46 /home/runcloud/webapps/hoocay/bootstrap/cache/compiled.php(3374): Illuminate\Routing\Pipeline->Illuminate\Routing\{closure}(Object(Illuminate\Http\Request))
#47 /home/runcloud/webapps/hoocay/bootstrap/cache/compiled.php(10069): Illuminate\Foundation\Http\Middleware\CheckForMaintenanceMode->handle(Object(Illuminate\Http\Request), Object(Closure))
#48 /home/runcloud/webapps/hoocay/vendor/laravel/framework/src/Illuminate/Routing/Pipeline.php(33): Illuminate\Pipeline\Pipeline->Illuminate\Pipeline\{closure}(Object(Illuminate\Http\Request))
#49 /home/runcloud/webapps/hoocay/bootstrap/cache/compiled.php(10054): Illuminate\Routing\Pipeline->Illuminate\Routing\{closure}(Object(Illuminate\Http\Request))
#50 /home/runcloud/webapps/hoocay/bootstrap/cache/compiled.php(2519): Illuminate\Pipeline\Pipeline->then(Object(Closure))
#51 /home/runcloud/webapps/hoocay/bootstrap/cache/compiled.php(2503): Illuminate\Foundation\Http\Kernel->sendRequestThroughRouter(Object(Illuminate\Http\Request))
#52 /home/runcloud/webapps/hoocay/public/index.php(53): Illuminate\Foundation\Http\Kernel->handle(Object(Illuminate\Http\Request))
#53 {main}

Next ErrorException: A non-numeric value encountered (View: /home/runcloud/webapps/hoocay/resources/views/home/property.blade.php) in /home/runcloud/webapps/hoocay/vendor/torann/currency/src/Currency.php:90
Stack trace:
#0 /home/runcloud/webapps/hoocay/bootstrap/cache/compiled.php(15650): Illuminate\View\Engines\CompilerEngine->handleViewException(Object(ErrorException), 1)
#1 /home/runcloud/webapps/hoocay/bootstrap/cache/compiled.php(15685): Illuminate\View\Engines\PhpEngine->evaluatePath('/home/runcloud/...', Array)
#2 /home/runcloud/webapps/hoocay/bootstrap/cache/compiled.php(15517): Illuminate\View\Engines\CompilerEngine->get('/home/runcloud/...', Array)
#3 /home/runcloud/webapps/hoocay/bootstrap/cache/compiled.php(15505): Illuminate\View\View->getContents()
#4 /home/runcloud/webapps/hoocay/bootstrap/cache/compiled.php(15489): Illuminate\View\View->renderContents()
#5 /home/runcloud/webapps/hoocay/bootstrap/cache/compiled.php(16762): Illuminate\View\View->render()
#6 /home/runcloud/webapps/hoocay/bootstrap/cache/compiled.php(16249): Illuminate\Http\Response->setContent(Object(Illuminate\View\View))
#7 /home/runcloud/webapps/hoocay/bootstrap/cache/compiled.php(8509): Symfony\Component\HttpFoundation\Response->__construct(Object(Illuminate\View\View))
#8 /home/runcloud/webapps/hoocay/bootstrap/cache/compiled.php(8355): Illuminate\Routing\Router->prepareResponse(Object(Illuminate\Http\Request), Object(Illuminate\View\View))
#9 /home/runcloud/webapps/hoocay/vendor/laravel/framework/src/Illuminate/Routing/Pipeline.php(53): Illuminate\Routing\Router->Illuminate\Routing\{closure}(Object(Illuminate\Http\Request))
#10 /home/runcloud/webapps/hoocay/app/Http/Middleware/InstallMiddleware.php(22): Illuminate\Routing\Pipeline->Illuminate\Routing\{closure}(Object(Illuminate\Http\Request))
#11 /home/runcloud/webapps/hoocay/bootstrap/cache/compiled.php(10069): App\Http\Middleware\InstallMiddleware->handle(Object(Illuminate\Http\Request), Object(Closure))
#12 /home/runcloud/webapps/hoocay/vendor/laravel/framework/src/Illuminate/Routing/Pipeline.php(33): Illuminate\Pipeline\Pipeline->Illuminate\Pipeline\{closure}(Object(Illuminate\Http\Request))
#13 /home/runcloud/webapps/hoocay/bootstrap/cache/compiled.php(10177): Illuminate\Routing\Pipeline->Illuminate\Routing\{closure}(Object(Illuminate\Http\Request))
#14 /home/runcloud/webapps/hoocay/bootstrap/cache/compiled.php(10069): Illuminate\Routing\Middleware\SubstituteBindings->handle(Object(Illuminate\Http\Request), Object(Closure))
#15 /home/runcloud/webapps/hoocay/vendor/laravel/framework/src/Illuminate/Routing/Pipeline.php(33): Illuminate\Pipeline\Pipeline->Illuminate\Pipeline\{closure}(Object(Illuminate\Http\Request))
#16 /home/runcloud/webapps/hoocay/bootstrap/cache/compiled.php(10054): Illuminate\Routing\Pipeline->Illuminate\Routing\{closure}(Object(Illuminate\Http\Request))
#17 /home/runcloud/webapps/hoocay/bootstrap/cache/compiled.php(8356): Illuminate\Pipeline\Pipeline->then(Object(Closure))
#18 /home/runcloud/webapps/hoocay/bootstrap/cache/compiled.php(8347): Illuminate\Routing\Router->runRouteWithinStack(Object(Illuminate\Routing\Route), Object(Illuminate\Http\Request))
#19 /home/runcloud/webapps/hoocay/bootstrap/cache/compiled.php(8338): Illuminate\Routing\Router->dispatchToRoute(Object(Illuminate\Http\Request))
#20 /home/runcloud/webapps/hoocay/bootstrap/cache/compiled.php(2575): Illuminate\Routing\Router->dispatch(Object(Illuminate\Http\Request))
#21 /home/runcloud/webapps/hoocay/vendor/laravel/framework/src/Illuminate/Routing/Pipeline.php(53): Illuminate\Foundation\Http\Kernel->Illuminate\Foundation\Http\{closure}(Object(Illuminate\Http\Request))
#22 /home/runcloud/webapps/hoocay/bootstrap/cache/compiled.php(3312): Illuminate\Routing\Pipeline->Illuminate\Routing\{closure}(Object(Illuminate\Http\Request))
#23 /home/runcloud/webapps/hoocay/bootstrap/cache/compiled.php(10069): Illuminate\Foundation\Http\Middleware\VerifyCsrfToken->handle(Object(Illuminate\Http\Request), Object(Closure))
#24 /home/runcloud/webapps/hoocay/vendor/laravel/framework/src/Illuminate/Routing/Pipeline.php(33): Illuminate\Pipeline\Pipeline->Illuminate\Pipeline\{closure}(Object(Illuminate\Http\Request))
#25 /home/runcloud/webapps/hoocay/bootstrap/cache/compiled.php(13749): Illuminate\Routing\Pipeline->Illuminate\Routing\{closure}(Object(Illuminate\Http\Request))
#26 /home/runcloud/webapps/hoocay/bootstrap/cache/compiled.php(10069): Illuminate\View\Middleware\ShareErrorsFromSession->handle(Object(Illuminate\Http\Request), Object(Closure))
#27 /home/runcloud/webapps/hoocay/vendor/laravel/framework/src/Illuminate/Routing/Pipeline.php(33): Illuminate\Pipeline\Pipeline->Illuminate\Pipeline\{closure}(Object(Illuminate\Http\Request))
#28 /home/runcloud/webapps/hoocay/app/Http/Middleware/InstallMiddleware.php(22): Illuminate\Routing\Pipeline->Illuminate\Routing\{closure}(Object(Illuminate\Http\Request))
#29 /home/runcloud/webapps/hoocay/bootstrap/cache/compiled.php(10069): App\Http\Middleware\InstallMiddleware->handle(Object(Illuminate\Http\Request), Object(Closure))
#30 /home/runcloud/webapps/hoocay/vendor/laravel/framework/src/Illuminate/Routing/Pipeline.php(33): Illuminate\Pipeline\Pipeline->Illuminate\Pipeline\{closure}(Object(Illuminate\Http\Request))
#31 /home/runcloud/webapps/hoocay/vendor/torann/currency/src/Middleware/CurrencyMiddleware.php(37): Illuminate\Routing\Pipeline->Illuminate\Routing\{closure}(Object(Illuminate\Http\Request))
#32 /home/runcloud/webapps/hoocay/bootstrap/cache/compiled.php(10069): Torann\Currency\Middleware\CurrencyMiddleware->handle(Object(Illuminate\Http\Request), Object(Closure))
#33 /home/runcloud/webapps/hoocay/vendor/laravel/framework/src/Illuminate/Routing/Pipeline.php(33): Illuminate\Pipeline\Pipeline->Illuminate\Pipeline\{closure}(Object(Illuminate\Http\Request))
#34 /home/runcloud/webapps/hoocay/bootstrap/cache/compiled.php(12155): Illuminate\Routing\Pipeline->Illuminate\Routing\{closure}(Object(Illuminate\Http\Request))
#35 /home/runcloud/webapps/hoocay/bootstrap/cache/compiled.php(10069): Illuminate\Session\Middleware\StartSession->handle(Object(Illuminate\Http\Request), Object(Closure))
#36 /home/runcloud/webapps/hoocay/vendor/laravel/framework/src/Illuminate/Routing/Pipeline.php(33): Illuminate\Pipeline\Pipeline->Illuminate\Pipeline\{closure}(Object(Illuminate\Http\Request))
#37 /home/runcloud/webapps/hoocay/bootstrap/cache/compiled.php(13495): Illuminate\Routing\Pipeline->Illuminate\Routing\{closure}(Object(Illuminate\Http\Request))
#38 /home/runcloud/webapps/hoocay/bootstrap/cache/compiled.php(10069): Illuminate\Cookie\Middleware\AddQueuedCookiesToResponse->handle(Object(Illuminate\Http\Request), Object(Closure))
#39 /home/runcloud/webapps/hoocay/vendor/laravel/framework/src/Illuminate/Routing/Pipeline.php(33): Illuminate\Pipeline\Pipeline->Illuminate\Pipeline\{closure}(Object(Illuminate\Http\Request))
#40 /home/runcloud/webapps/hoocay/bootstrap/cache/compiled.php(13432): Illuminate\Routing\Pipeline->Illuminate\Routing\{closure}(Object(Illuminate\Http\Request))
#41 /home/runcloud/webapps/hoocay/bootstrap/cache/compiled.php(10069): Illuminate\Cookie\Middleware\EncryptCookies->handle(Object(Illuminate\Http\Request), Object(Closure))
#42 /home/runcloud/webapps/hoocay/vendor/laravel/framework/src/Illuminate/Routing/Pipeline.php(33): Illuminate\Pipeline\Pipeline->Illuminate\Pipeline\{closure}(Object(Illuminate\Http\Request))
#43 /home/runcloud/webapps/hoocay/bootstrap/cache/compiled.php(3374): Illuminate\Routing\Pipeline->Illuminate\Routing\{closure}(Object(Illuminate\Http\Request))
#44 /home/runcloud/webapps/hoocay/bootstrap/cache/compiled.php(10069): Illuminate\Foundation\Http\Middleware\CheckForMaintenanceMode->handle(Object(Illuminate\Http\Request), Object(Closure))
#45 /home/runcloud/webapps/hoocay/vendor/laravel/framework/src/Illuminate/Routing/Pipeline.php(33): Illuminate\Pipeline\Pipeline->Illuminate\Pipeline\{closure}(Object(Illuminate\Http\Request))
#46 /home/runcloud/webapps/hoocay/bootstrap/cache/compiled.php(10054): Illuminate\Routing\Pipeline->Illuminate\Routing\{closure}(Object(Illuminate\Http\Request))
#47 /home/runcloud/webapps/hoocay/bootstrap/cache/compiled.php(2519): Illuminate\Pipeline\Pipeline->then(Object(Closure))
#48 /home/runcloud/webapps/hoocay/bootstrap/cache/compiled.php(2503): Illuminate\Foundation\Http\Kernel->sendRequestThroughRouter(Object(Illuminate\Http\Request))
#49 /home/runcloud/webapps/hoocay/public/index.php(53): Illuminate\Foundation\Http\Kernel->handle(Object(Illuminate\Http\Request))
#50 {main}  
